
Z9 

Login 0 IB..
!Open IB Socket 2.06
!Account  U7442949,U7485076,
<<<<<<< Updated upstream
!Account U7485076 at UTC 01-31 17:44
Z9.15: PH H 4 B 0 V 1 
Loading 24 assets..
NY time 12:44......................
Download History\CPRSS.t6..
Error 058: Bad file format for '' in history.csv
Error 058: Bad file format for '' in history.csv invalid response - CPRSS history unavailable!.
V 2.409 on Mon 22-01-31 19:44:02 (Anton Gavrailov)

Trade: Z9  (NFA) 2022-01-31
Assets AssetsZ9.csv
Lookback 252 bars, 2021-02-01..2022-01-28

[2759: Mon 21-02-01 15:40] (49.10).
[2760: Tue 21-02-02 15:40] (51.44)
[2761: Wed 21-02-03 15:40] (51.58)
[2762: Thu 21-02-04 15:40] (53.28)
[2763: Fri 21-02-05 15:40] (53.73)
[2764: Mon 21-02-08 15:40] (54.95)
[2765: Tue 21-02-09 15:40] (55.04)
[2766: Wed 21-02-10 15:40] (55.30)
[2767: Thu 21-02-11 15:40] (55.36)
[2768: Fri 21-02-12 15:40] (55.57)
[2769: Tue 21-02-16 15:40] (55.84)
[2770: Wed 21-02-17 15:40] (56.46)
[2771: Thu 21-02-18 15:40] (55.84)
[2772: Fri 21-02-19 15:40] (55.78)
[2773: Mon 21-02-22 15:40] (56.01)
[2774: Tue 21-02-23 15:40] (56.07)
[2775: Wed 21-02-24 15:40] (58.29)
[2776: Thu 21-02-25 15:40] (55.22)
[2777: Fri 21-02-26 15:40] (52.84)
[2778: Mon 21-03-01 15:40] (55.99)
[2779: Tue 21-03-02 15:40] (55.26)
[2780: Wed 21-03-03 15:40] (54.55)
[2781: Thu 21-03-04 15:40] (52.79)
[2782: Fri 21-03-05 15:40] (55.67)
[2783: Mon 21-03-08 15:40] (57.33)
[2784: Tue 21-03-09 15:40] (57.50)
[2785: Wed 21-03-10 15:40] (60.08)
[2786: Thu 21-03-11 15:40] (61.14)
[2787: Fri 21-03-12 15:40] (62.88)
[2788: Mon 21-03-15 15:40] (63.82)
[2789: Tue 21-03-16 15:40] (63.12)
[2790: Wed 21-03-17 15:40] (64.17)
[2791: Thu 21-03-18 15:40] (63.39)
[2792: Fri 21-03-19 15:40] (61.80)
[2793: Mon 21-03-22 15:40] (62.53)
[2794: Tue 21-03-23 15:40] (60.75)
[2795: Wed 21-03-24 15:40] (60.75)
[2796: Thu 21-03-25 15:40] (61.86)
[2797: Fri 21-03-26 15:40] (64.37)
[2798: Mon 21-03-29 15:40] (65.02)
[2799: Tue 21-03-30 15:40] (64.46)
[2800: Wed 21-03-31 15:40] (64.11)
[2801: Thu 21-04-01 15:40] (64.87)
[2802: Mon 21-04-05 15:40] (67.09)
[2803: Tue 21-04-06 15:40] (66.54)
[2804: Wed 21-04-07 15:40] (66.54)
[2805: Thu 21-04-08 15:40] (66.97)
[2806: Fri 21-04-09 15:40] (68.68)
[2807: Mon 21-04-12 15:40] (68.43)
[2808: Tue 21-04-13 15:40] (67.99)
[2809: Wed 21-04-14 15:40] (68.43)
[2810: Thu 21-04-15 15:40] (70.19)
[2811: Fri 21-04-16 15:40] (71.18)
[2812: Mon 21-04-19 15:40] (70.43)
[2813: Tue 21-04-20 15:40] (68.82)
[2814: Wed 21-04-21 15:40] (70.73)
[2815: Thu 21-04-22 15:40] (68.72)
[2816: Fri 21-04-23 15:40] (70.11)
[2817: Mon 21-04-26 15:40] (69.85)
[2818: Tue 21-04-27 15:40] (69.80)
[2819: Wed 21-04-28 15:40] (68.85)
[2820: Thu 21-04-29 15:40] (70.23)
[2821: Fri 21-04-30 15:40] (69.19)
[2822: Mon 21-05-03 15:40] (70.56)
[2823: Tue 21-05-04 15:40] (70.70)
[2824: Wed 21-05-05 15:40] (71.25)
[2825: Thu 21-05-06 15:40] (73.31)
[2826: Fri 21-05-07 15:40] (74.78)
[2827: Mon 21-05-10 15:40] (74.69)
[2828: Tue 21-05-11 15:40] (71.57)
[2829: Wed 21-05-12 15:40] (67.26)
[2830: Thu 21-05-13 15:40] (69.88)
[2831: Fri 21-05-14 15:40] (72.25)
[2832: Mon 21-05-17 15:40] (71.83)
[2833: Tue 21-05-18 15:40] (70.22)
[2834: Wed 21-05-19 15:40] (69.21)
[2835: Thu 21-05-20 15:40] (70.42)
[2836: Fri 21-05-21 15:40] (71.23)
[2837: Mon 21-05-24 15:40] (72.44)
[2838: Tue 21-05-25 15:40] (71.93)
[2839: Wed 21-05-26 15:40] (71.98)
[2840: Thu 21-05-27 15:40] (72.77)
[2841: Fri 21-05-28 15:40] (73.48)
[2842: Tue 21-06-01 15:40] (73.66)
[2843: Wed 21-06-02 15:40] (73.87)
[2844: Thu 21-06-03 15:40] (73.72)
[2845: Fri 21-06-04 15:40] (74.89)
[2846: Mon 21-06-07 15:40] (74.00)
[2847: Tue 21-06-08 15:40] (73.86)
[2848: Wed 21-06-09 15:40] (72.91)
[2849: Thu 21-06-10 15:40] (73.06)
[2850: Fri 21-06-11 15:40] (73.03)
[2851: Mon 21-06-14 15:40] (72.57)
[2852: Tue 21-06-15 15:40] (72.04)
[2853: Wed 21-06-16 15:40] (70.26)
[2854: Thu 21-06-17 15:40] (69.02)
[2855: Fri 21-06-18 15:40] (65.73)
[2856: Mon 21-06-21 15:40] (69.26)
[2857: Tue 21-06-22 15:40] (69.71)
[2858: Wed 21-06-23 15:40] (69.20)
[2859: Thu 21-06-24 15:40] (71.23)
[2860: Fri 21-06-25 15:40] (72.77)
[2861: Mon 21-06-28 15:40] (71.71)
[2862: Tue 21-06-29 15:40] (71.76)
[2863: Wed 21-06-30 15:40] (73.06)
[2864: Thu 21-07-01 15:40] (73.90)
[2865: Fri 21-07-02 15:40] (74.94)
[2866: Tue 21-07-06 15:40] (73.58)
[2867: Wed 21-07-07 15:40] (74.24)
[2868: Thu 21-07-08 15:40] (72.66)
[2869: Fri 21-07-09 15:40] (75.40)
[2870: Mon 21-07-12 15:40] (76.28)
[2871: Tue 21-07-13 15:40] (75.56)
[2872: Wed 21-07-14 15:40] (75.80)
[2873: Thu 21-07-15 15:40] (76.12)
[2874: Fri 21-07-16 15:40] (74.13)
[2875: Mon 21-07-19 15:40] (69.69)
[2876: Tue 21-07-20 15:40] (72.97)
[2877: Wed 21-07-21 15:40] (74.79)
[2878: Thu 21-07-22 15:40] (74.96)
[2879: Fri 21-07-23 15:40] (76.48)
[2880: Mon 21-07-26 15:40] (76.99)
[2881: Tue 21-07-27 15:40] (76.44)
[2882: Wed 21-07-28 15:40] (75.62)
[2883: Thu 21-07-29 15:40] (76.58)
[2884: Fri 21-07-30 15:40] (75.66)
[2885: Mon 21-08-02 15:40] (74.96)
[2886: Tue 21-08-03 15:40] (76.77)
[2887: Wed 21-08-04 15:40] (74.68)
[2888: Thu 21-08-05 15:40] (76.34)
[2889: Fri 21-08-06 15:40] (77.30)
[2890: Mon 21-08-09 15:40] (76.66)
[2891: Tue 21-08-10 15:40] (77.74)
[2892: Wed 21-08-11 15:40] (79.18)
[2893: Thu 21-08-12 15:40] (79.38)
[2894: Fri 21-08-13 15:40] (79.45)
[2895: Mon 21-08-16 15:40] (80.23)
[2896: Tue 21-08-17 15:40] (78.37)
[2897: Wed 21-08-18 15:40] (75.92)
[2898: Thu 21-08-19 15:40] (75.46)
[2899: Fri 21-08-20 15:40] (76.99)
[2900: Mon 21-08-23 15:40] (78.48)
[2901: Tue 21-08-24 15:40] (78.68)
[2902: Wed 21-08-25 15:40] (78.96)
[2903: Thu 21-08-26 15:40] (77.63)
[2904: Fri 21-08-27 15:40] (79.23)
[2905: Mon 21-08-30 15:40] (78.90)
[2906: Tue 21-08-31 15:40] (78.72)
[2907: Wed 21-09-01 15:40] (78.49)
[2908: Thu 21-09-02 15:40] (79.34)
[2909: Fri 21-09-03 15:40] (78.87)
[2910: Tue 21-09-07 15:40] (77.08)
[2911: Wed 21-09-08 15:40] (76.60)
[2912: Thu 21-09-09 15:40] (75.68)
[2913: Fri 21-09-10 15:40] (73.97)
[2914: Mon 21-09-13 15:40] (75.57)
[2915: Tue 21-09-14 15:40] (73.79)
[2916: Wed 21-09-15 15:40] (75.25)
[2917: Thu 21-09-16 15:40] (74.79)
[2918: Fri 21-09-17 15:40] (73.69)
[2919: Mon 21-09-20 15:40] (69.74)
[2920: Tue 21-09-21 15:40] (69.51)
[2921: Wed 21-09-22 15:40] (71.56)
[2922: Thu 21-09-23 15:40] (74.76)
[2923: Fri 21-09-24 15:40] (74.94)
[2924: Mon 21-09-27 15:40] (75.41)
[2925: Tue 21-09-28 15:40] (71.72)
[2926: Wed 21-09-29 15:40] (72.25)
[2927: Thu 21-09-30 15:40] (68.77)
[2928: Fri 21-10-01 15:40] (71.78)
[2929: Mon 21-10-04 15:40] (69.77)
[2930: Tue 21-10-05 15:40] (71.68)
[2931: Wed 21-10-06 15:40] (72.31)
[2932: Thu 21-10-07 15:40] (74.48)
[2933: Fri 21-10-08 15:40] (74.47)
[2934: Mon 21-10-11 15:40] (72.80)
[2935: Tue 21-10-12 15:40] (72.05)
[2936: Wed 21-10-13 15:40] (72.13)
[2937: Thu 21-10-14 15:40] (75.36)
[2938: Fri 21-10-15 15:40] (77.90)
[2939: Mon 21-10-18 15:40] (77.63)
[2940: Tue 21-10-19 15:40] (78.95)
[2941: Wed 21-10-20 15:40] (79.96)
[2942: Thu 21-10-21 15:40] (79.92)
[2943: Fri 21-10-22 15:40] (80.42)
[2944: Mon 21-10-25 15:40] (80.99)
[2945: Tue 21-10-26 15:40] (80.90)
[2946: Wed 21-10-27 15:40] (79.23)
[2947: Thu 21-10-28 15:40] (80.78)
[2948: Fri 21-10-29 15:40] (81.36)
[2949: Mon 21-11-01 15:40] (82.00)
[2950: Tue 21-11-02 15:40] (82.95)
[2951: Wed 21-11-03 15:40] (83.68)
[2952: Thu 21-11-04 15:40] (83.49)
[2953: Fri 21-11-05 15:40] (84.87)
[2954: Mon 21-11-08 15:40] (85.60)
[2955: Tue 21-11-09 15:40] (84.82)
[2956: Wed 21-11-10 15:40] (83.28)
[2957: Thu 21-11-11 15:40] (82.17)
[2958: Fri 21-11-12 15:40] (83.39)
[2959: Mon 21-11-15 15:40] (83.35)
[2960: Tue 21-11-16 15:40] (83.81)
[2961: Wed 21-11-17 15:40] (82.38)
[2962: Thu 21-11-18 15:40] (82.06)
[2963: Fri 21-11-19 15:40] (80.17)
[2964: Mon 21-11-22 15:40] (80.35)
[2965: Tue 21-11-23 15:40] (81.61)
[2966: Wed 21-11-24 15:40] (81.57)
[2967: Fri 21-11-26 15:40] (75.48)
[2968: Mon 21-11-29 15:40] (76.89)
[2969: Tue 21-11-30 15:40] (72.64)
[2970: Wed 21-12-01 15:40] (69.87)
[2971: Thu 21-12-02 15:40] (73.84)
[2972: Fri 21-12-03 15:40] (73.39)
[2973: Mon 21-12-06 15:40] (77.58)
[2974: Tue 21-12-07 15:40] (80.79)
[2975: Wed 21-12-08 15:40] (81.00)
[2976: Thu 21-12-09 15:40] (81.05)
[2977: Fri 21-12-10 15:40] (82.48)
[2978: Mon 21-12-13 15:40] (80.35)
[2979: Tue 21-12-14 15:40] (79.71)
[2980: Wed 21-12-15 15:40] (82.16)
[2981: Thu 21-12-16 15:40] (81.90)
[2982: Fri 21-12-17 15:40] (78.33)
[2983: Mon 21-12-20 15:40] (75.45)
[2984: Tue 21-12-21 15:40] (79.04)
[2985: Wed 21-12-22 15:40] (80.78)
[2986: Thu 21-12-23 15:40] (81.98)
[2987: Mon 21-12-27 15:40] (84.39)
[2988: Tue 21-12-28 15:40] (85.10)
[2989: Wed 21-12-29 15:40] (85.71)
[2990: Thu 21-12-30 15:40] (85.07)
[2991: Fri 21-12-31 15:40] (84.61)
[2992: Mon 22-01-03 15:40] (86.32)
[2993: Tue 22-01-04 15:40] (87.84)
[2994: Wed 22-01-05 15:40] (85.07)
[2995: Thu 22-01-06 15:40] (83.91)
[2996: Fri 22-01-07 15:40] (83.89)
[2997: Mon 22-01-10 15:40] (82.78)
[2998: Tue 22-01-11 15:40] (83.99)
[2999: Wed 22-01-12 15:40] (84.33)
[3000: Thu 22-01-13 15:40] (83.01)
[3001: Fri 22-01-14 15:40] (81.62)
[3002: Tue 22-01-18 15:40] (77.98)
[3003: Wed 22-01-19 15:40] (75.70)
[3004: Thu 22-01-20 15:40] (73.70)
[3005: Fri 22-01-21 15:40] (70.67)
[3006: Mon 22-01-24 15:40] (71.53)
[3007: Tue 22-01-25 15:40] (71.16)
[3008: Wed 22-01-26 15:40] (70.16)
[3009: Thu 22-01-27 15:40] (70.08)
[3010: Fri 22-01-28 15:40] (73.61)

End of lookback period

[3011: Tue 22-02-01 15:40] (73.61)
=======
!Account U7485076 at UTC 03-04 15:33
Z9.16: PH H 4 B 0 V 1 
Loading 24 assets..
NY time 10:33
Download History\UDOW.t6.. 547 bars read.
Download History\AMZN.t6.. 547 bars read.
Download History\APPN.t6.. 547 bars read.
Download History\CME.t6.. 547 bars read.
Download History\HUBS.t6.. 547 bars read.
Download History\WULF.t6.. 522 bars read.
Download History\ILMN.t6.. 547 bars read.
Download History\MDB.t6.. 547 bars read.
Download History\MKC.t6.. 547 bars read.
Download History\MTCH.t6.. 547 bars read.
Download History\NFLX.t6.. 547 bars read.
Download History\NVDA.t6.. 547 bars read.
Download History\NVTA.t6.. 547 bars read.
Download History\PAYC.t6.. 547 bars read.
Download History\SEDG.t6.. 547 bars read.
Download History\SHOP.t6.. 547 bars read.
Download History\SQ.t6.. 547 bars read.
Download History\TEAM.t6.. 547 bars read.
Download History\TSLA.t6.. 547 bars read.
Download History\TTD.t6.. 547 bars read.
Download History\TWLO.t6.. 547 bars read.
Download History\WM.t6.. 547 bars read.
!No security definition has been found for the request CPRSS-STK--0.00--SMART/NASDAQ--USD
!No security definition has been found for the request CPRSS-STK--0.00--SMART/NASDAQ--USD
Error 053: CPRSS-STK-SMART/NASDAQ-USD unavailable at this time
Download History\MRAM.t6.. 547 bars read.
V 2.444 on Fri 22-03-04 17:33:19 (Anton Gavrailov)

Trade: Z9  (NFA) 2022-03-04
Assets AssetsZ9
Lookback 252 bars, 2021-03-05..2022-03-03

[145: Fri 21-03-05 15:40] (55.67).
[146: Mon 21-03-08 15:40] (57.33)
[147: Tue 21-03-09 15:40] (57.50)
[148: Wed 21-03-10 15:40] (60.08)
[149: Thu 21-03-11 15:40] (61.14)
[150: Fri 21-03-12 15:40] (62.88)
[151: Mon 21-03-15 15:40] (63.82)
[152: Tue 21-03-16 15:40] (63.12)
[153: Wed 21-03-17 15:40] (64.17)
[154: Thu 21-03-18 15:40] (63.39)
[155: Fri 21-03-19 15:40] (61.80)
[156: Mon 21-03-22 15:40] (62.53)
[157: Tue 21-03-23 15:40] (60.75)
[158: Wed 21-03-24 15:40] (60.75)
[159: Thu 21-03-25 15:40] (61.86)
[160: Fri 21-03-26 15:40] (64.37)
[161: Mon 21-03-29 15:40] (65.02)
[162: Tue 21-03-30 15:40] (64.46)
[163: Wed 21-03-31 15:40] (64.11)
[164: Thu 21-04-01 15:40] (64.87)
[165: Mon 21-04-05 15:40] (67.09)
[166: Tue 21-04-06 15:40] (66.54)
[167: Wed 21-04-07 15:40] (66.54)
[168: Thu 21-04-08 15:40] (66.97)
[169: Fri 21-04-09 15:40] (68.68)
[170: Mon 21-04-12 15:40] (68.43)
[171: Tue 21-04-13 15:40] (67.99)
[172: Wed 21-04-14 15:40] (68.43)
[173: Thu 21-04-15 15:40] (70.19)
[174: Fri 21-04-16 15:40] (71.18)
[175: Mon 21-04-19 15:40] (70.43)
[176: Tue 21-04-20 15:40] (68.82)
[177: Wed 21-04-21 15:40] (70.73)
[178: Thu 21-04-22 15:40] (68.72)
[179: Fri 21-04-23 15:40] (70.11)
[180: Mon 21-04-26 15:40] (69.85)
[181: Tue 21-04-27 15:40] (69.80)
[182: Wed 21-04-28 15:40] (68.85)
[183: Thu 21-04-29 15:40] (70.23)
[184: Fri 21-04-30 15:40] (69.19)
[185: Mon 21-05-03 15:40] (70.56)
[186: Tue 21-05-04 15:40] (70.70)
[187: Wed 21-05-05 15:40] (71.25)
[188: Thu 21-05-06 15:40] (73.31)
[189: Fri 21-05-07 15:40] (74.78)
[190: Mon 21-05-10 15:40] (74.69)
[191: Tue 21-05-11 15:40] (71.57)
[192: Wed 21-05-12 15:40] (67.26)
[193: Thu 21-05-13 15:40] (69.88)
[194: Fri 21-05-14 15:40] (72.25)
[195: Mon 21-05-17 15:40] (71.83)
[196: Tue 21-05-18 15:40] (70.22)
[197: Wed 21-05-19 15:40] (69.21)
[198: Thu 21-05-20 15:40] (70.42)
[199: Fri 21-05-21 15:40] (71.23)
[200: Mon 21-05-24 15:40] (72.44)
[201: Tue 21-05-25 15:40] (71.93)
[202: Wed 21-05-26 15:40] (71.98)
[203: Thu 21-05-27 15:40] (72.77)
[204: Fri 21-05-28 15:40] (73.48)
[205: Tue 21-06-01 15:40] (73.66)
[206: Wed 21-06-02 15:40] (73.87)
[207: Thu 21-06-03 15:40] (73.72)
[208: Fri 21-06-04 15:40] (74.89)
[209: Mon 21-06-07 15:40] (74.00)
[210: Tue 21-06-08 15:40] (73.86)
[211: Wed 21-06-09 15:40] (72.91)
[212: Thu 21-06-10 15:40] (73.06)
[213: Fri 21-06-11 15:40] (73.03)
[214: Mon 21-06-14 15:40] (72.57)
[215: Tue 21-06-15 15:40] (72.04)
[216: Wed 21-06-16 15:40] (70.26)
[217: Thu 21-06-17 15:40] (69.02)
[218: Fri 21-06-18 15:40] (65.73)
[219: Mon 21-06-21 15:40] (69.26)
[220: Tue 21-06-22 15:40] (69.71)
[221: Wed 21-06-23 15:40] (69.20)
[222: Thu 21-06-24 15:40] (71.23)
[223: Fri 21-06-25 15:40] (72.77)
[224: Mon 21-06-28 15:40] (71.71)
[225: Tue 21-06-29 15:40] (71.76)
[226: Wed 21-06-30 15:40] (73.06)
[227: Thu 21-07-01 15:40] (73.90)
[228: Fri 21-07-02 15:40] (74.94)
[229: Tue 21-07-06 15:40] (73.58)
[230: Wed 21-07-07 15:40] (74.24)
[231: Thu 21-07-08 15:40] (72.66)
[232: Fri 21-07-09 15:40] (75.40)
[233: Mon 21-07-12 15:40] (76.28)
[234: Tue 21-07-13 15:40] (75.56)
[235: Wed 21-07-14 15:40] (75.80)
[236: Thu 21-07-15 15:40] (76.12)
[237: Fri 21-07-16 15:40] (74.13)
[238: Mon 21-07-19 15:40] (69.69)
[239: Tue 21-07-20 15:40] (72.97)
[240: Wed 21-07-21 15:40] (74.79)
[241: Thu 21-07-22 15:40] (74.96)
[242: Fri 21-07-23 15:40] (76.48)
[243: Mon 21-07-26 15:40] (76.99)
[244: Tue 21-07-27 15:40] (76.44)
[245: Wed 21-07-28 15:40] (75.62)
[246: Thu 21-07-29 15:40] (76.58)
[247: Fri 21-07-30 15:40] (75.66)
[248: Mon 21-08-02 15:40] (74.96)
[249: Tue 21-08-03 15:40] (76.77)
[250: Wed 21-08-04 15:40] (74.68)
[251: Thu 21-08-05 15:40] (76.34)
[252: Fri 21-08-06 15:40] (77.30)
[253: Mon 21-08-09 15:40] (76.66)
[254: Tue 21-08-10 15:40] (77.74)
[255: Wed 21-08-11 15:40] (79.18)
[256: Thu 21-08-12 15:40] (79.38)
[257: Fri 21-08-13 15:40] (79.45)
[258: Mon 21-08-16 15:40] (80.23)
[259: Tue 21-08-17 15:40] (78.37)
[260: Wed 21-08-18 15:40] (75.92)
[261: Thu 21-08-19 15:40] (75.46)
[262: Fri 21-08-20 15:40] (76.99)
[263: Mon 21-08-23 15:40] (78.48)
[264: Tue 21-08-24 15:40] (78.68)
[265: Wed 21-08-25 15:40] (78.96)
[266: Thu 21-08-26 15:40] (77.63)
[267: Fri 21-08-27 15:40] (79.23)
[268: Mon 21-08-30 15:40] (78.90)
[269: Tue 21-08-31 15:40] (78.72)
[270: Wed 21-09-01 15:40] (78.49)
[271: Thu 21-09-02 15:40] (79.34)
[272: Fri 21-09-03 15:40] (78.87)
[273: Tue 21-09-07 15:40] (77.08)
[274: Wed 21-09-08 15:40] (76.60)
[275: Thu 21-09-09 15:40] (75.68)
[276: Fri 21-09-10 15:40] (73.97)
[277: Mon 21-09-13 15:40] (75.57)
[278: Tue 21-09-14 15:40] (73.79)
[279: Wed 21-09-15 15:40] (75.25)
[280: Thu 21-09-16 15:40] (74.79)
[281: Fri 21-09-17 15:40] (73.69)
[282: Mon 21-09-20 15:40] (69.74)
[283: Tue 21-09-21 15:40] (69.51)
[284: Wed 21-09-22 15:40] (71.56)
[285: Thu 21-09-23 15:40] (74.76)
[286: Fri 21-09-24 15:40] (74.94)
[287: Mon 21-09-27 15:40] (75.41)
[288: Tue 21-09-28 15:40] (71.72)
[289: Wed 21-09-29 15:40] (72.25)
[290: Thu 21-09-30 15:40] (68.77)
[291: Fri 21-10-01 15:40] (71.78)
[292: Mon 21-10-04 15:40] (69.77)
[293: Tue 21-10-05 15:40] (71.68)
[294: Wed 21-10-06 15:40] (72.31)
[295: Thu 21-10-07 15:40] (74.48)
[296: Fri 21-10-08 15:40] (74.47)
[297: Mon 21-10-11 15:40] (72.80)
[298: Tue 21-10-12 15:40] (72.05)
[299: Wed 21-10-13 15:40] (72.13)
[300: Thu 21-10-14 15:40] (75.36)
[301: Fri 21-10-15 15:40] (77.90)
[302: Mon 21-10-18 15:40] (77.63)
[303: Tue 21-10-19 15:40] (78.95)
[304: Wed 21-10-20 15:40] (79.96)
[305: Thu 21-10-21 15:40] (79.92)
[306: Fri 21-10-22 15:40] (80.42)
[307: Mon 21-10-25 15:40] (80.99)
[308: Tue 21-10-26 15:40] (80.90)
[309: Wed 21-10-27 15:40] (79.23)
[310: Thu 21-10-28 15:40] (80.78)
[311: Fri 21-10-29 15:40] (81.36)
[312: Mon 21-11-01 15:40] (82.00)
[313: Tue 21-11-02 15:40] (82.95)
[314: Wed 21-11-03 15:40] (83.68)
[315: Thu 21-11-04 15:40] (83.49)
[316: Fri 21-11-05 15:40] (84.87)
[317: Mon 21-11-08 15:40] (85.60)
[318: Tue 21-11-09 15:40] (84.82)
[319: Wed 21-11-10 15:40] (83.28)
[320: Thu 21-11-11 15:40] (82.17)
[321: Fri 21-11-12 15:40] (83.39)
[322: Mon 21-11-15 15:40] (83.35)
[323: Tue 21-11-16 15:40] (83.81)
[324: Wed 21-11-17 15:40] (82.38)
[325: Thu 21-11-18 15:40] (82.06)
[326: Fri 21-11-19 15:40] (80.17)
[327: Mon 21-11-22 15:40] (80.35)
[328: Tue 21-11-23 15:40] (81.61)
[329: Wed 21-11-24 15:40] (81.57)
[330: Fri 21-11-26 15:40] (75.48)
[331: Mon 21-11-29 15:40] (76.89)
[332: Tue 21-11-30 15:40] (72.64)
[333: Wed 21-12-01 15:40] (69.87)
[334: Thu 21-12-02 15:40] (73.84)
[335: Fri 21-12-03 15:40] (73.39)
[336: Mon 21-12-06 15:40] (77.58)
[337: Tue 21-12-07 15:40] (80.79)
[338: Wed 21-12-08 15:40] (81.00)
[339: Thu 21-12-09 15:40] (81.05)
[340: Fri 21-12-10 15:40] (82.48)
[341: Mon 21-12-13 15:40] (80.35)
[342: Tue 21-12-14 15:40] (79.71)
[343: Wed 21-12-15 15:40] (82.16)
[344: Thu 21-12-16 15:40] (81.90)
[345: Fri 21-12-17 15:40] (78.33)
[346: Mon 21-12-20 15:40] (75.45)
[347: Tue 21-12-21 15:40] (79.04)
[348: Wed 21-12-22 15:40] (80.78)
[349: Thu 21-12-23 15:40] (81.98)
[350: Mon 21-12-27 15:40] (84.39)
[351: Tue 21-12-28 15:40] (85.10)
[352: Wed 21-12-29 15:40] (85.71)
[353: Thu 21-12-30 15:40] (85.07)
[354: Fri 21-12-31 15:40] (84.61)
[355: Mon 22-01-03 15:40] (86.32)
[356: Tue 22-01-04 15:40] (87.84)
[357: Wed 22-01-05 15:40] (85.07)
[358: Thu 22-01-06 15:40] (83.91)
[359: Fri 22-01-07 15:40] (83.89)
[360: Mon 22-01-10 15:40] (82.78)
[361: Tue 22-01-11 15:40] (83.99)
[362: Wed 22-01-12 15:40] (84.33)
[363: Thu 22-01-13 15:40] (83.01)
[364: Fri 22-01-14 15:40] (81.62)
[365: Tue 22-01-18 15:40] (77.98)
[366: Wed 22-01-19 15:40] (75.70)
[367: Thu 22-01-20 15:40] (73.70)
[368: Fri 22-01-21 15:40] (70.67)
[369: Mon 22-01-24 15:40] (71.53)
[370: Tue 22-01-25 15:40] (71.16)
[371: Wed 22-01-26 15:40] (70.16)
[372: Thu 22-01-27 15:40] (70.08)
[373: Fri 22-01-28 15:40] (73.61)
[374: Mon 22-01-31 15:40] (76.06)
[375: Tue 22-02-01 15:40] (77.94)
[376: Wed 22-02-02 15:40] (79.38)
[377: Thu 22-02-03 15:40] (75.94)
[378: Fri 22-02-04 15:40] (75.86)
[379: Mon 22-02-07 15:40] (75.87)
[380: Tue 22-02-08 15:40] (78.26)
[381: Wed 22-02-09 15:40] (80.30)
[382: Thu 22-02-10 15:40] (76.78)
[383: Fri 22-02-11 15:40] (73.41)
[384: Mon 22-02-14 15:40] (72.48)
[385: Tue 22-02-15 15:40] (75.14)
[386: Wed 22-02-16 15:40] (74.87)
[387: Thu 22-02-17 15:40] (70.91)
[388: Fri 22-02-18 15:40] (69.59)
[389: Tue 22-02-22 15:40] (66.55)
[390: Wed 22-02-23 15:40] (63.89)
[391: Thu 22-02-24 15:40] (64.35)
[392: Fri 22-02-25 15:40] (69.19)
[393: Mon 22-02-28 15:40] (68.30)
[394: Tue 22-03-01 15:40] (64.78)
[395: Wed 22-03-02 15:40] (68.11)
[396: Thu 22-03-03 15:40] (67.53)

End of lookback period at 15:33:20 Fri

[397: Fri 22-03-04 15:40] (67.53)
>>>>>>> Stashed changes
Calculating portfolio..
Determining weights..
Global market down - reducing positions..
---------------------------------
<<<<<<< Updated upstream
MKC: 45@98.23
TSLA: 6@846.3
---------------------------------
No positions entered
Next Rebalancing: Wednesday, March 23 2022
Ok!
Logout.. ok
=======
MKC: 200@99.56
---------------------------------
>>>>>>> Stashed changes

No positions entered
Next Rebalancing: Monday, April 25 2022
Ok!
Logout.. ok